{"backgrid-select-all.js":{"path":"backgrid-select-all.js","s":{"1":1,"2":1,"3":0,"4":1,"5":1,"6":12,"7":12,"8":5,"9":12,"10":12,"11":0,"12":12,"13":12,"14":12,"15":4,"16":0,"17":0,"18":0,"19":0,"20":0,"21":0,"22":0,"23":0,"24":0,"25":0,"26":0,"27":0,"28":7,"29":7,"30":7,"31":30,"32":30,"33":30,"34":1,"35":18,"36":18,"37":15,"38":18,"39":18,"40":18,"41":20,"42":15,"43":5,"44":5,"45":18,"46":2,"47":18,"48":12,"49":12,"50":22,"51":22,"52":15,"53":18,"54":18,"55":0,"56":18,"57":18,"58":9,"59":9,"60":9,"61":18,"62":9,"63":5,"64":15,"65":5,"66":9,"67":1,"68":5,"69":5,"70":5,"71":5,"72":5,"73":5,"74":5,"75":5,"76":5,"77":5,"78":5,"79":5,"80":8,"81":5,"82":1,"83":1,"84":1,"85":2,"86":2},"b":{"1":[0,1],"2":[5,7],"3":[12,0],"4":[0,0],"5":[0,0],"6":[0,0],"7":[0,0,0,0,0],"8":[15,3],"9":[18,10],"10":[15,5],"11":[15,0],"12":[5,0],"13":[18,10],"14":[2,0],"15":[15,7],"16":[22,10],"17":[10,0],"18":[18,0],"19":[5,4],"20":[5,10],"21":[5,0],"22":[5,0],"23":[5,4]},"f":{"1":1,"2":1,"3":12,"4":0,"5":4,"6":0,"7":0,"8":0,"9":7,"10":30,"11":18,"12":20,"13":2,"14":12,"15":0,"16":9,"17":18,"18":15,"19":5,"20":1},"fnMap":{"1":{"name":"(anonymous_1)","line":8,"loc":{"start":{"line":8,"column":1},"end":{"line":8,"column":26}}},"2":{"name":"(anonymous_2)","line":17,"loc":{"start":{"line":17,"column":8},"end":{"line":17,"column":38}}},"3":{"name":"(anonymous_3)","line":50,"loc":{"start":{"line":50,"column":16},"end":{"line":50,"column":35}}},"4":{"name":"(anonymous_4)","line":58,"loc":{"start":{"line":58,"column":49},"end":{"line":58,"column":79}}},"5":{"name":"(anonymous_5)","line":64,"loc":{"start":{"line":64,"column":46},"end":{"line":64,"column":73}}},"6":{"name":"(anonymous_6)","line":72,"loc":{"start":{"line":72,"column":19},"end":{"line":72,"column":31}}},"7":{"name":"(anonymous_7)","line":79,"loc":{"start":{"line":79,"column":18},"end":{"line":79,"column":30}}},"8":{"name":"(anonymous_8)","line":86,"loc":{"start":{"line":86,"column":15},"end":{"line":86,"column":28}}},"9":{"name":"(anonymous_9)","line":106,"loc":{"start":{"line":106,"column":14},"end":{"line":106,"column":26}}},"10":{"name":"(anonymous_10)","line":115,"loc":{"start":{"line":115,"column":12},"end":{"line":115,"column":24}}},"11":{"name":"(anonymous_11)","line":155,"loc":{"start":{"line":155,"column":16},"end":{"line":155,"column":35}}},"12":{"name":"(anonymous_12)","line":165,"loc":{"start":{"line":165,"column":41},"end":{"line":165,"column":68}}},"13":{"name":"(anonymous_13)","line":173,"loc":{"start":{"line":173,"column":71},"end":{"line":173,"column":88}}},"14":{"name":"(anonymous_14)","line":177,"loc":{"start":{"line":177,"column":52},"end":{"line":177,"column":64}}},"15":{"name":"(anonymous_15)","line":188,"loc":{"start":{"line":188,"column":49},"end":{"line":188,"column":79}}},"16":{"name":"(anonymous_16)","line":208,"loc":{"start":{"line":208,"column":14},"end":{"line":208,"column":26}}},"17":{"name":"(anonymous_17)","line":212,"loc":{"start":{"line":212,"column":22},"end":{"line":212,"column":39}}},"18":{"name":"(anonymous_18)","line":217,"loc":{"start":{"line":217,"column":39},"end":{"line":217,"column":56}}},"19":{"name":"(anonymous_19)","line":237,"loc":{"start":{"line":237,"column":46},"end":{"line":237,"column":58}}},"20":{"name":"(anonymous_20)","line":266,"loc":{"start":{"line":266,"column":48},"end":{"line":266,"column":60}}}},"statementMap":{"1":{"start":{"line":8,"column":0},"end":{"line":274,"column":4}},"2":{"start":{"line":11,"column":2},"end":{"line":15,"column":45}},"3":{"start":{"line":12,"column":4},"end":{"line":12,"column":71}},"4":{"start":{"line":15,"column":7},"end":{"line":15,"column":45}},"5":{"start":{"line":27,"column":2},"end":{"line":121,"column":5}},"6":{"start":{"line":52,"column":6},"end":{"line":52,"column":35}},"7":{"start":{"line":53,"column":6},"end":{"line":55,"column":7}},"8":{"start":{"line":54,"column":8},"end":{"line":54,"column":55}},"9":{"start":{"line":57,"column":6},"end":{"line":57,"column":67}},"10":{"start":{"line":58,"column":6},"end":{"line":60,"column":9}},"11":{"start":{"line":59,"column":8},"end":{"line":59,"column":50}},"12":{"start":{"line":62,"column":6},"end":{"line":62,"column":94}},"13":{"start":{"line":62,"column":67},"end":{"line":62,"column":94}},"14":{"start":{"line":64,"column":6},"end":{"line":66,"column":9}},"15":{"start":{"line":65,"column":8},"end":{"line":65,"column":81}},"16":{"start":{"line":73,"column":6},"end":{"line":73,"column":52}},"17":{"start":{"line":80,"column":6},"end":{"line":80,"column":51}},"18":{"start":{"line":87,"column":6},"end":{"line":87,"column":44}},"19":{"start":{"line":88,"column":6},"end":{"line":88,"column":42}},"20":{"start":{"line":88,"column":30},"end":{"line":88,"column":42}},"21":{"start":{"line":89,"column":6},"end":{"line":98,"column":7}},"22":{"start":{"line":90,"column":8},"end":{"line":90,"column":28}},"23":{"start":{"line":91,"column":8},"end":{"line":91,"column":53}},"24":{"start":{"line":93,"column":11},"end":{"line":98,"column":7}},"25":{"start":{"line":95,"column":8},"end":{"line":95,"column":27}},"26":{"start":{"line":96,"column":8},"end":{"line":96,"column":28}},"27":{"start":{"line":97,"column":8},"end":{"line":97,"column":80}},"28":{"start":{"line":107,"column":6},"end":{"line":107,"column":74}},"29":{"start":{"line":108,"column":6},"end":{"line":108,"column":57}},"30":{"start":{"line":109,"column":6},"end":{"line":109,"column":67}},"31":{"start":{"line":116,"column":6},"end":{"line":116,"column":73}},"32":{"start":{"line":117,"column":6},"end":{"line":117,"column":28}},"33":{"start":{"line":118,"column":6},"end":{"line":118,"column":18}},"34":{"start":{"line":129,"column":2},"end":{"line":227,"column":5}},"35":{"start":{"line":157,"column":6},"end":{"line":157,"column":35}},"36":{"start":{"line":158,"column":6},"end":{"line":160,"column":7}},"37":{"start":{"line":159,"column":8},"end":{"line":159,"column":55}},"38":{"start":{"line":162,"column":6},"end":{"line":162,"column":39}},"39":{"start":{"line":163,"column":6},"end":{"line":163,"column":52}},"40":{"start":{"line":164,"column":6},"end":{"line":171,"column":9}},"41":{"start":{"line":166,"column":8},"end":{"line":170,"column":9}},"42":{"start":{"line":166,"column":22},"end":{"line":166,"column":64}},"43":{"start":{"line":168,"column":10},"end":{"line":168,"column":55}},"44":{"start":{"line":169,"column":10},"end":{"line":169,"column":71}},"45":{"start":{"line":173,"column":6},"end":{"line":175,"column":9}},"46":{"start":{"line":174,"column":8},"end":{"line":174,"column":53}},"47":{"start":{"line":177,"column":6},"end":{"line":185,"column":9}},"48":{"start":{"line":178,"column":8},"end":{"line":178,"column":76}},"49":{"start":{"line":179,"column":8},"end":{"line":184,"column":9}},"50":{"start":{"line":180,"column":10},"end":{"line":180,"column":39}},"51":{"start":{"line":181,"column":10},"end":{"line":183,"column":11}},"52":{"start":{"line":182,"column":12},"end":{"line":182,"column":58}},"53":{"start":{"line":187,"column":6},"end":{"line":187,"column":47}},"54":{"start":{"line":188,"column":6},"end":{"line":190,"column":9}},"55":{"start":{"line":189,"column":8},"end":{"line":189,"column":50}},"56":{"start":{"line":192,"column":6},"end":{"line":192,"column":99}},"57":{"start":{"line":192,"column":72},"end":{"line":192,"column":99}},"58":{"start":{"line":209,"column":6},"end":{"line":209,"column":74}},"59":{"start":{"line":211,"column":6},"end":{"line":211,"column":39}},"60":{"start":{"line":212,"column":6},"end":{"line":214,"column":9}},"61":{"start":{"line":213,"column":8},"end":{"line":213,"column":57}},"62":{"start":{"line":216,"column":6},"end":{"line":222,"column":7}},"63":{"start":{"line":217,"column":8},"end":{"line":221,"column":11}},"64":{"start":{"line":218,"column":10},"end":{"line":220,"column":11}},"65":{"start":{"line":219,"column":12},"end":{"line":219,"column":63}},"66":{"start":{"line":224,"column":6},"end":{"line":224,"column":79}},"67":{"start":{"line":237,"column":2},"end":{"line":258,"column":4}},"68":{"start":{"line":238,"column":4},"end":{"line":238,"column":28}},"69":{"start":{"line":239,"column":4},"end":{"line":239,"column":44}},"70":{"start":{"line":240,"column":4},"end":{"line":246,"column":5}},"71":{"start":{"line":241,"column":6},"end":{"line":241,"column":38}},"72":{"start":{"line":242,"column":6},"end":{"line":245,"column":7}},"73":{"start":{"line":243,"column":8},"end":{"line":243,"column":41}},"74":{"start":{"line":244,"column":8},"end":{"line":244,"column":14}},"75":{"start":{"line":248,"column":4},"end":{"line":248,"column":20}},"76":{"start":{"line":249,"column":4},"end":{"line":255,"column":5}},"77":{"start":{"line":250,"column":6},"end":{"line":250,"column":62}},"78":{"start":{"line":251,"column":6},"end":{"line":251,"column":73}},"79":{"start":{"line":252,"column":6},"end":{"line":254,"column":7}},"80":{"start":{"line":253,"column":8},"end":{"line":253,"column":45}},"81":{"start":{"line":257,"column":4},"end":{"line":257,"column":18}},"82":{"start":{"line":266,"column":2},"end":{"line":272,"column":4}},"83":{"start":{"line":267,"column":4},"end":{"line":267,"column":50}},"84":{"start":{"line":268,"column":4},"end":{"line":271,"column":5}},"85":{"start":{"line":269,"column":6},"end":{"line":269,"column":36}},"86":{"start":{"line":270,"column":6},"end":{"line":270,"column":53}}},"branchMap":{"1":{"line":11,"type":"if","locations":[{"start":{"line":11,"column":2},"end":{"line":11,"column":2}},{"start":{"line":11,"column":2},"end":{"line":11,"column":2}}]},"2":{"line":53,"type":"if","locations":[{"start":{"line":53,"column":6},"end":{"line":53,"column":6}},{"start":{"line":53,"column":6},"end":{"line":53,"column":6}}]},"3":{"line":62,"type":"if","locations":[{"start":{"line":62,"column":6},"end":{"line":62,"column":6}},{"start":{"line":62,"column":6},"end":{"line":62,"column":6}}]},"4":{"line":88,"type":"if","locations":[{"start":{"line":88,"column":6},"end":{"line":88,"column":6}},{"start":{"line":88,"column":6},"end":{"line":88,"column":6}}]},"5":{"line":89,"type":"if","locations":[{"start":{"line":89,"column":6},"end":{"line":89,"column":6}},{"start":{"line":89,"column":6},"end":{"line":89,"column":6}}]},"6":{"line":93,"type":"if","locations":[{"start":{"line":93,"column":11},"end":{"line":93,"column":11}},{"start":{"line":93,"column":11},"end":{"line":93,"column":11}}]},"7":{"line":93,"type":"binary-expr","locations":[{"start":{"line":93,"column":15},"end":{"line":93,"column":29}},{"start":{"line":93,"column":33},"end":{"line":93,"column":51}},{"start":{"line":93,"column":55},"end":{"line":93,"column":74}},{"start":{"line":94,"column":15},"end":{"line":94,"column":31}},{"start":{"line":94,"column":35},"end":{"line":94,"column":53}}]},"8":{"line":158,"type":"if","locations":[{"start":{"line":158,"column":6},"end":{"line":158,"column":6}},{"start":{"line":158,"column":6},"end":{"line":158,"column":6}}]},"9":{"line":164,"type":"binary-expr","locations":[{"start":{"line":164,"column":20},"end":{"line":164,"column":45}},{"start":{"line":164,"column":49},"end":{"line":164,"column":59}}]},"10":{"line":166,"type":"if","locations":[{"start":{"line":166,"column":8},"end":{"line":166,"column":8}},{"start":{"line":166,"column":8},"end":{"line":166,"column":8}}]},"11":{"line":166,"type":"binary-expr","locations":[{"start":{"line":166,"column":37},"end":{"line":166,"column":45}},{"start":{"line":166,"column":49},"end":{"line":166,"column":58}}]},"12":{"line":168,"type":"binary-expr","locations":[{"start":{"line":168,"column":32},"end":{"line":168,"column":40}},{"start":{"line":168,"column":44},"end":{"line":168,"column":53}}]},"13":{"line":173,"type":"binary-expr","locations":[{"start":{"line":173,"column":20},"end":{"line":173,"column":45}},{"start":{"line":173,"column":49},"end":{"line":173,"column":59}}]},"14":{"line":174,"type":"binary-expr","locations":[{"start":{"line":174,"column":30},"end":{"line":174,"column":38}},{"start":{"line":174,"column":42},"end":{"line":174,"column":51}}]},"15":{"line":181,"type":"if","locations":[{"start":{"line":181,"column":10},"end":{"line":181,"column":10}},{"start":{"line":181,"column":10},"end":{"line":181,"column":10}}]},"16":{"line":181,"type":"binary-expr","locations":[{"start":{"line":181,"column":14},"end":{"line":181,"column":21}},{"start":{"line":181,"column":25},"end":{"line":181,"column":62}}]},"17":{"line":181,"type":"binary-expr","locations":[{"start":{"line":181,"column":40},"end":{"line":181,"column":48}},{"start":{"line":181,"column":52},"end":{"line":181,"column":61}}]},"18":{"line":192,"type":"if","locations":[{"start":{"line":192,"column":6},"end":{"line":192,"column":6}},{"start":{"line":192,"column":6},"end":{"line":192,"column":6}}]},"19":{"line":216,"type":"if","locations":[{"start":{"line":216,"column":6},"end":{"line":216,"column":6}},{"start":{"line":216,"column":6},"end":{"line":216,"column":6}}]},"20":{"line":218,"type":"if","locations":[{"start":{"line":218,"column":10},"end":{"line":218,"column":10}},{"start":{"line":218,"column":10},"end":{"line":218,"column":10}}]},"21":{"line":242,"type":"if","locations":[{"start":{"line":242,"column":6},"end":{"line":242,"column":6}},{"start":{"line":242,"column":6},"end":{"line":242,"column":6}}]},"22":{"line":249,"type":"if","locations":[{"start":{"line":249,"column":4},"end":{"line":249,"column":4}},{"start":{"line":249,"column":4},"end":{"line":249,"column":4}}]},"23":{"line":251,"type":"binary-expr","locations":[{"start":{"line":251,"column":23},"end":{"line":251,"column":53}},{"start":{"line":251,"column":57},"end":{"line":251,"column":72}}]}}}}